<?xml version="1.0" encoding="UTF-8"?>
<testsuite name="org.fisco.bcos.ContractTest" tests="1" skipped="0" failures="0" errors="0" timestamp="2019-12-06T07:41:16" hostname="wucp-PC" time="2.422">
  <properties/>
  <testcase name="deployAndCallHelloWorld" classname="org.fisco.bcos.ContractTest" time="2.422"/>
  <system-out><![CDATA[15:41:04,520 |-INFO in ch.qos.logback.classic.LoggerContext[default] - Could NOT find resource [logback-test.xml]
15:41:04,521 |-INFO in ch.qos.logback.classic.LoggerContext[default] - Found resource [logback.groovy] at [file:/home/wucp/%e6%a1%8c%e9%9d%a2/spring-boot-starter/build/resources/main/logback.groovy]
15:41:06,452 |-INFO in ch.qos.logback.classic.gaffer.ConfigurationDelegate@6fcfce87 - About to instantiate appender of type [ch.qos.logback.core.ConsoleAppender]
15:41:06,456 |-INFO in ch.qos.logback.classic.gaffer.ConfigurationDelegate@6fcfce87 - Naming appender as [CONSOLE]
15:41:06,723 |-INFO in ch.qos.logback.classic.gaffer.ConfigurationDelegate@6fcfce87 - About to instantiate appender of type [ch.qos.logback.core.rolling.RollingFileAppender]
15:41:06,725 |-INFO in ch.qos.logback.classic.gaffer.ConfigurationDelegate@6fcfce87 - Naming appender as [FILE_INFO]
15:41:06,804 |-INFO in c.q.l.core.rolling.TimeBasedRollingPolicy@1560939646 - No compression will be used
15:41:06,806 |-INFO in c.q.l.core.rolling.TimeBasedRollingPolicy@1560939646 - Will use the pattern logs/spring-boot-starter/info.created_on_%d{yyyy-MM-dd}.part_%i.log for the active file
15:41:06,815 |-INFO in ch.qos.logback.core.rolling.SizeAndTimeBasedFNATP@37aa2a4c - The date pattern is 'yyyy-MM-dd' from file name pattern 'logs/spring-boot-starter/info.created_on_%d{yyyy-MM-dd}.part_%i.log'.
15:41:06,815 |-INFO in ch.qos.logback.core.rolling.SizeAndTimeBasedFNATP@37aa2a4c - Roll-over at midnight.
15:41:06,831 |-INFO in ch.qos.logback.core.rolling.SizeAndTimeBasedFNATP@37aa2a4c - Setting initial period to Fri Dec 06 15:41:06 CST 2019
15:41:06,832 |-WARN in ch.qos.logback.core.rolling.SizeAndTimeBasedFNATP@37aa2a4c - SizeAndTimeBasedFNATP is deprecated. Use SizeAndTimeBasedRollingPolicy instead
15:41:06,832 |-WARN in ch.qos.logback.core.rolling.SizeAndTimeBasedFNATP@37aa2a4c - For more information see http://logback.qos.ch/manual/appenders.html#SizeAndTimeBasedRollingPolicy
15:41:06,840 |-INFO in ch.qos.logback.core.rolling.RollingFileAppender[FILE_INFO] - Active log file name: logs/spring-boot-starter/info.created_on_2019-12-06.part_0.log
15:41:06,840 |-INFO in ch.qos.logback.core.rolling.RollingFileAppender[FILE_INFO] - File property is set to [null]
15:41:06,842 |-INFO in ch.qos.logback.classic.gaffer.ConfigurationDelegate@6fcfce87 - About to instantiate appender of type [ch.qos.logback.core.rolling.RollingFileAppender]
15:41:06,842 |-INFO in ch.qos.logback.classic.gaffer.ConfigurationDelegate@6fcfce87 - Naming appender as [FILE_ERROR]
15:41:06,854 |-INFO in c.q.l.core.rolling.TimeBasedRollingPolicy@1807139314 - No compression will be used
15:41:06,855 |-INFO in c.q.l.core.rolling.TimeBasedRollingPolicy@1807139314 - Will use the pattern logs/spring-boot-starter/error.created_on_%d{yyyy-MM-dd}.part_%i.log for the active file
15:41:06,856 |-INFO in ch.qos.logback.core.rolling.SizeAndTimeBasedFNATP@7a9c81f5 - The date pattern is 'yyyy-MM-dd' from file name pattern 'logs/spring-boot-starter/error.created_on_%d{yyyy-MM-dd}.part_%i.log'.
15:41:06,856 |-INFO in ch.qos.logback.core.rolling.SizeAndTimeBasedFNATP@7a9c81f5 - Roll-over at midnight.
15:41:06,856 |-INFO in ch.qos.logback.core.rolling.SizeAndTimeBasedFNATP@7a9c81f5 - Setting initial period to Fri Dec 06 15:41:06 CST 2019
15:41:06,857 |-WARN in ch.qos.logback.core.rolling.SizeAndTimeBasedFNATP@7a9c81f5 - SizeAndTimeBasedFNATP is deprecated. Use SizeAndTimeBasedRollingPolicy instead
15:41:06,857 |-WARN in ch.qos.logback.core.rolling.SizeAndTimeBasedFNATP@7a9c81f5 - For more information see http://logback.qos.ch/manual/appenders.html#SizeAndTimeBasedRollingPolicy
15:41:06,861 |-INFO in ch.qos.logback.core.rolling.RollingFileAppender[FILE_ERROR] - Active log file name: logs/spring-boot-starter/error.created_on_2019-12-06.part_0.log
15:41:06,861 |-INFO in ch.qos.logback.core.rolling.RollingFileAppender[FILE_ERROR] - File property is set to [null]
15:41:06,867 |-INFO in ch.qos.logback.classic.gaffer.ConfigurationDelegate@6fcfce87 - Setting level of logger [ROOT] to INFO
15:41:06,878 |-INFO in ch.qos.logback.classic.gaffer.ConfigurationDelegate@6fcfce87 - Attaching appender named [CONSOLE] to Logger[ROOT]
15:41:06,879 |-INFO in ch.qos.logback.classic.gaffer.ConfigurationDelegate@6fcfce87 - Attaching appender named [FILE_INFO] to Logger[ROOT]
15:41:06,879 |-INFO in ch.qos.logback.classic.gaffer.ConfigurationDelegate@6fcfce87 - Attaching appender named [FILE_ERROR] to Logger[ROOT]

2019-12-06 15:41:07,034 [Test worker] INFO  [o.s.b.t.context.SpringBootTestContextBootstrapper] AbstractTestContextBootstrapper.java:308 - Neither @ContextConfiguration nor @ContextHierarchy found for test class [org.fisco.bcos.ContractTest], using SpringBootContextLoader
2019-12-06 15:41:07,053 [Test worker] INFO  [o.s.test.context.support.AbstractContextLoader] AbstractContextLoader.java:264 - Could not detect default resource locations for test class [org.fisco.bcos.ContractTest]: no resource found for suffixes {-context.xml, Context.groovy}.
2019-12-06 15:41:07,378 [Test worker] INFO  [o.s.b.t.context.SpringBootTestContextBootstrapper] AbstractTestContextBootstrapper.java:248 - Loaded default TestExecutionListener class names from location [META-INF/spring.factories]: [org.springframework.boot.test.autoconfigure.restdocs.RestDocsTestExecutionListener, org.springframework.boot.test.autoconfigure.web.client.MockRestServiceServerResetTestExecutionListener, org.springframework.boot.test.autoconfigure.web.servlet.MockMvcPrintOnlyOnFailureTestExecutionListener, org.springframework.boot.test.autoconfigure.web.servlet.WebDriverTestExecutionListener, org.springframework.boot.test.mock.mockito.MockitoTestExecutionListener, org.springframework.boot.test.mock.mockito.ResetMocksTestExecutionListener, org.springframework.test.context.web.ServletTestExecutionListener, org.springframework.test.context.support.DirtiesContextBeforeModesTestExecutionListener, org.springframework.test.context.support.DependencyInjectionTestExecutionListener, org.springframework.test.context.support.DirtiesContextTestExecutionListener, org.springframework.test.context.transaction.TransactionalTestExecutionListener, org.springframework.test.context.jdbc.SqlScriptsTestExecutionListener]
2019-12-06 15:41:07,398 [Test worker] INFO  [o.s.b.t.context.SpringBootTestContextBootstrapper] AbstractTestContextBootstrapper.java:177 - Using TestExecutionListeners: [org.springframework.test.context.web.ServletTestExecutionListener@79ffa8f9, org.springframework.test.context.support.DirtiesContextBeforeModesTestExecutionListener@3c800f90, org.springframework.boot.test.mock.mockito.MockitoTestExecutionListener@35cbb4a, org.springframework.boot.test.autoconfigure.SpringBootDependencyInjectionTestExecutionListener@654dbd64, org.springframework.test.context.support.DirtiesContextTestExecutionListener@61f17954, org.springframework.test.context.transaction.TransactionalTestExecutionListener@5db11675, org.springframework.test.context.jdbc.SqlScriptsTestExecutionListener@3b517062, org.springframework.boot.test.autoconfigure.restdocs.RestDocsTestExecutionListener@337f4cf1, org.springframework.boot.test.autoconfigure.web.client.MockRestServiceServerResetTestExecutionListener@592eb813, org.springframework.boot.test.autoconfigure.web.servlet.MockMvcPrintOnlyOnFailureTestExecutionListener@cf91ffd, org.springframework.boot.test.autoconfigure.web.servlet.WebDriverTestExecutionListener@3c9bac60, org.springframework.boot.test.mock.mockito.ResetMocksTestExecutionListener@75ca67c6]

  .   ____          _            __ _ _
 /\\ / ___'_ __ _ _(_)_ __  __ _ \ \ \ \
( ( )\___ | '_ | '_| | '_ \/ _` | \ \ \ \
 \\/  ___)| |_)| | | | | || (_| |  ) ) ) )
  '  |____| .__|_| |_|_| |_\__, | / / / /
 =========|_|==============|___/=/_/_/_/
 :: Spring Boot ::        (v2.1.4.RELEASE)

2019-12-06 15:41:08,763 [Test worker] INFO  [org.fisco.bcos.ContractTest] StartupInfoLogger.java:50 - Starting ContractTest on wucp-PC with PID 32681 (started by wucp in /home/wucp/桌面/spring-boot-starter)
2019-12-06 15:41:08,764 [Test worker] INFO  [org.fisco.bcos.ContractTest] SpringApplication.java:675 - No active profile set, falling back to default profiles: default
2019-12-06 15:41:12,059 [Test worker] INFO  [org.fisco.bcos.autoconfigure.AccountConfig] AccountConfig.java:62 - pem accounts : 0xcdcce60801c0a2e6bb534322c32ae528b9dec8d2.pem
0xcdcce60801c0a2e6bb534322c32ae528b9dec8d2
2019-12-06 15:41:12,739 [Test worker] INFO  [org.fisco.bcos.autoconfigure.ServiceConfig] ServiceConfig.java:25 - agencyName : fisco
2019-12-06 15:41:12,756 [Test worker] INFO  [org.fisco.bcos.channel.handler.ChannelConnections] ChannelConnections.java:366 -  add connected node: 127.0.0.1:20200
2019-12-06 15:41:12,757 [Test worker] INFO  [org.fisco.bcos.channel.handler.ChannelConnections] ChannelConnections.java:366 -  add connected node: 127.0.0.1:20201
2019-12-06 15:41:13,198 [Thread-4] INFO  [org.fisco.bcos.channel.handler.ChannelConnections] ChannelConnections.java:503 - try connect to: 127.0.0.1:20200
2019-12-06 15:41:13,239 [Thread-4] INFO  [org.fisco.bcos.channel.handler.ChannelConnections] ChannelConnections.java:503 - try connect to: 127.0.0.1:20201
2019-12-06 15:41:13,384 [nioEventLoopGroup-2-1] INFO  [org.fisco.bcos.channel.handler.ConnectionCallback] ConnectionCallback.java:91 -  connect 127.0.0.1:20200 success, ctx: 2006795756
2019-12-06 15:41:13,383 [nioEventLoopGroup-2-2] INFO  [org.fisco.bcos.channel.handler.ConnectionCallback] ConnectionCallback.java:91 -  connect 127.0.0.1:20201 success, ctx: 343507814
2019-12-06 15:41:13,504 [nioEventLoopGroup-2-1] INFO  [org.fisco.bcos.channel.handler.ConnectionCallback] ConnectionCallback.java:207 -  query node version host: 127.0.0.1:20200, seq: 5abccca32a974b19a061a949508b3ea4, content: {"jsonrpc":"2.0","method":"getClientVersion","params":[],"id":1}
2019-12-06 15:41:13,515 [nioEventLoopGroup-2-2] INFO  [org.fisco.bcos.channel.handler.ConnectionCallback] ConnectionCallback.java:207 -  query node version host: 127.0.0.1:20201, seq: e1aeb169c9b6401ab7a67f47e987d828, content: {"jsonrpc":"2.0","method":"getClientVersion","params":[],"id":0}
2019-12-06 15:41:13,853 [nioEventLoopGroup-2-2] INFO  [org.fisco.bcos.channel.handler.ConnectionCallback] ConnectionCallback.java:258 -  node: Version [buildTime=20190923 13:22:09, buildType=Linux/clang/Release, chainID=1, version=2.1.0, gitBranch=HEAD, gitCommit=cb68124d4fbf3df563a57dfff5f0c6eedc1419cc, supportedVersion=2.1.0], content: {"id":0,"jsonrpc":"2.0","result":{"Build Time":"20190923 13:22:09","Build Type":"Linux/clang/Release","Chain Id":"1","FISCO-BCOS Version":"2.1.0","Git Branch":"HEAD","Git Commit Hash":"cb68124d4fbf3df563a57dfff5f0c6eedc1419cc","Supported Version":"2.1.0"}}

2019-12-06 15:41:13,854 [nioEventLoopGroup-2-2] INFO  [org.fisco.bcos.channel.handler.ConnectionCallback] ConnectionCallback.java:267 -  support channel handshake node: Version [buildTime=20190923 13:22:09, buildType=Linux/clang/Release, chainID=1, version=2.1.0, gitBranch=HEAD, gitCommit=cb68124d4fbf3df563a57dfff5f0c6eedc1419cc, supportedVersion=2.1.0], content: {"id":0,"jsonrpc":"2.0","result":{"Build Time":"20190923 13:22:09","Build Type":"Linux/clang/Release","Chain Id":"1","FISCO-BCOS Version":"2.1.0","Git Branch":"HEAD","Git Commit Hash":"cb68124d4fbf3df563a57dfff5f0c6eedc1419cc","Supported Version":"2.1.0"}}

2019-12-06 15:41:13,862 [nioEventLoopGroup-2-2] INFO  [org.fisco.bcos.channel.handler.ConnectionCallback] ConnectionCallback.java:167 -  channel protocol handshake success, set socket channel protocol, host: 127.0.0.1:20201, channel protocol: ChannelProtocol [protocol=2, nodeVersion=2.1.0, EnumProtocol=VERSION_2]
2019-12-06 15:41:13,873 [nioEventLoopGroup-2-2] INFO  [org.fisco.bcos.channel.handler.ConnectionCallback] ConnectionCallback.java:338 -  send sub block notification request, seq: 53ab19180a77473dbd07749f43ea30c3, content: ["_block_notify_1"]
2019-12-06 15:41:13,877 [nioEventLoopGroup-2-2] INFO  [org.fisco.bcos.channel.handler.ConnectionCallback] ConnectionCallback.java:370 -  query block number host: 127.0.0.1:20201, seq: 19b2a53744a5450e9a72cfa0b85fe246, content: {"jsonrpc":"2.0","method":"getBlockNumber","params":[1],"id":2}
2019-12-06 15:41:13,881 [nioEventLoopGroup-2-2] INFO  [org.fisco.bcos.channel.handler.ConnectionCallback] ConnectionCallback.java:395 -  query blocknumer, host:127.0.0.1:20201, blockNumber: 62 
2019-12-06 15:41:13,853 [nioEventLoopGroup-2-1] INFO  [org.fisco.bcos.channel.handler.ConnectionCallback] ConnectionCallback.java:258 -  node: Version [buildTime=20190923 13:22:09, buildType=Linux/clang/Release, chainID=1, version=2.1.0, gitBranch=HEAD, gitCommit=cb68124d4fbf3df563a57dfff5f0c6eedc1419cc, supportedVersion=2.1.0], content: {"id":1,"jsonrpc":"2.0","result":{"Build Time":"20190923 13:22:09","Build Type":"Linux/clang/Release","Chain Id":"1","FISCO-BCOS Version":"2.1.0","Git Branch":"HEAD","Git Commit Hash":"cb68124d4fbf3df563a57dfff5f0c6eedc1419cc","Supported Version":"2.1.0"}}

2019-12-06 15:41:13,886 [nioEventLoopGroup-2-1] INFO  [org.fisco.bcos.channel.handler.ConnectionCallback] ConnectionCallback.java:267 -  support channel handshake node: Version [buildTime=20190923 13:22:09, buildType=Linux/clang/Release, chainID=1, version=2.1.0, gitBranch=HEAD, gitCommit=cb68124d4fbf3df563a57dfff5f0c6eedc1419cc, supportedVersion=2.1.0], content: {"id":1,"jsonrpc":"2.0","result":{"Build Time":"20190923 13:22:09","Build Type":"Linux/clang/Release","Chain Id":"1","FISCO-BCOS Version":"2.1.0","Git Branch":"HEAD","Git Commit Hash":"cb68124d4fbf3df563a57dfff5f0c6eedc1419cc","Supported Version":"2.1.0"}}

2019-12-06 15:41:13,889 [nioEventLoopGroup-2-1] INFO  [org.fisco.bcos.channel.handler.ConnectionCallback] ConnectionCallback.java:167 -  channel protocol handshake success, set socket channel protocol, host: 127.0.0.1:20200, channel protocol: ChannelProtocol [protocol=2, nodeVersion=2.1.0, EnumProtocol=VERSION_2]
2019-12-06 15:41:13,891 [nioEventLoopGroup-2-1] INFO  [org.fisco.bcos.channel.handler.ConnectionCallback] ConnectionCallback.java:338 -  send sub block notification request, seq: 0881e92baee2480e87ac045b68753bda, content: ["_block_notify_1"]
2019-12-06 15:41:13,895 [nioEventLoopGroup-2-1] INFO  [org.fisco.bcos.channel.handler.ConnectionCallback] ConnectionCallback.java:370 -  query block number host: 127.0.0.1:20200, seq: 91d67e26016b435495f8e76371dbdbd1, content: {"jsonrpc":"2.0","method":"getBlockNumber","params":[1],"id":3}
2019-12-06 15:41:13,898 [nioEventLoopGroup-2-1] INFO  [org.fisco.bcos.channel.handler.ConnectionCallback] ConnectionCallback.java:395 -  query blocknumer, host:127.0.0.1:20200, blockNumber: 62 
2019-12-06 15:41:15,036 [Test worker] INFO  [o.s.scheduling.concurrent.ThreadPoolTaskExecutor] ExecutorConfigurationSupport.java:171 - Initializing ExecutorService 'applicationTaskExecutor'
2019-12-06 15:41:15,807 [Test worker] WARN  [o.s.b.a.g.template.GroovyTemplateAutoConfiguration] GroovyTemplateAutoConfiguration.java:93 - Cannot find template location: classpath:/templates/ (please add some templates, check your Groovy configuration, or set spring.groovy.template.check-template-location=false)
2019-12-06 15:41:16,061 [Test worker] INFO  [o.s.b.actuate.endpoint.web.EndpointLinksResolver] EndpointLinksResolver.java:59 - Exposing 2 endpoint(s) beneath base path '/actuator'
2019-12-06 15:41:16,144 [Test worker] INFO  [org.fisco.bcos.ContractTest] StartupInfoLogger.java:59 - Started ContractTest in 8.695 seconds (JVM running for 12.551)
2019-12-06 15:41:16,854 [Test worker] INFO  [org.fisco.bcos.web3j.utils.Async] Async.java:19 -  default set setExeutor , pool size is 50
2019-12-06 15:41:16,857 [Test worker] INFO  [org.fisco.bcos.web3j.utils.Async] Async.java:81 -  set setExeutor because executor null, executor is java.util.concurrent.ThreadPoolExecutor@74f53652[Running, pool size = 0, active threads = 0, queued tasks = 0, completed tasks = 0]
2019-12-06 15:41:18,046 [nioEventLoopGroup-2-1] INFO  [org.fisco.bcos.channel.client.Service] Service.java:1316 - Receive block notify: {"blockNumber":63,"groupID":1}

2019-12-06 15:41:18,059 [nioEventLoopGroup-2-2] INFO  [org.fisco.bcos.channel.client.Service] Service.java:1316 - Receive block notify: {"blockNumber":63,"groupID":1}

HelloWorld address is: 0x61b4c88dc62640c1485033f1a4dca2f34b2f49e7
2019-12-06 15:41:18,574 [nioEventLoopGroup-2-2] INFO  [org.fisco.bcos.channel.client.Service] Service.java:1316 - Receive block notify: {"blockNumber":64,"groupID":1}

2019-12-06 15:41:18,582 [nioEventLoopGroup-2-1] INFO  [org.fisco.bcos.channel.client.Service] Service.java:1316 - Receive block notify: {"blockNumber":64,"groupID":1}

Hello, World!
]]></system-out>
  <system-err><![CDATA[]]></system-err>
</testsuite>
